<?xml version="1.0" encoding="UTF-8" ?>
<testsuite tests="5" failures="0" name="awesomecucumber.runners.MyJUnitRunnerTest" time="23.163" errors="0" skipped="0">
  <properties>
    <property name="java.runtime.name" value="Java(TM) SE Runtime Environment"/>
    <property name="java.vm.version" value="17.0.4+11-LTS-179"/>
    <property name="sun.boot.library.path" value="C:\Program Files\Java\jdk-17.0.4\bin"/>
    <property name="maven.multiModuleProjectDirectory" value="D:\Projects\selenium-two\selenium-course"/>
    <property name="java.vm.vendor" value="Oracle Corporation"/>
    <property name="java.vendor.url" value="https://java.oracle.com/"/>
    <property name="guice.disable.misplaced.annotation.check" value="true"/>
    <property name="path.separator" value=";"/>
    <property name="java.vm.name" value="Java HotSpot(TM) 64-Bit Server VM"/>
    <property name="sun.os.patch.level" value=""/>
    <property name="user.script" value=""/>
    <property name="user.country" value="US"/>
    <property name="sun.java.launcher" value="SUN_STANDARD"/>
    <property name="java.vm.specification.name" value="Java Virtual Machine Specification"/>
    <property name="user.dir" value="D:\Projects\selenium-two\selenium-course"/>
    <property name="java.vm.compressedOopsMode" value="Zero based"/>
    <property name="java.runtime.version" value="17.0.4+11-LTS-179"/>
    <property name="os.arch" value="amd64"/>
    <property name="java.io.tmpdir" value="C:\Users\TOMAS~1.JUR\AppData\Local\Temp\"/>
    <property name="line.separator" value="
"/>
    <property name="java.vm.specification.vendor" value="Oracle Corporation"/>
    <property name="user.variant" value=""/>
    <property name="os.name" value="Windows 11"/>
    <property name="classworlds.conf" value="C:\Users\tomas.jurkovic\apache-maven-3.8.6\bin\m2.conf"/>
    <property name="sun.jnu.encoding" value="Cp1252"/>
    <property name="java.library.path" value="C:\Program Files\Java\jdk-17.0.4\bin;C:\WINDOWS\Sun\Java\bin;C:\WINDOWS\system32;C:\WINDOWS;&quot;C:\Program Files (x86)\Common Files\Oracle\Java\javapath;&quot;;&quot;C:\WINDOWS\system32;&quot;C:\WINDOWS;&quot;C:\WINDOWS\System32\Wbem;&quot;C:\WINDOWS\System32\WindowsPowerShell\v1.0\;&quot;C:\WINDOWS\System32\OpenSSH\;&quot;D:\Projects\Gauge\bin;&quot;C:\Program Files\Git\cmd;&quot;C:\Program Files\TortoiseGit\bin;&quot;C:\Program Files (x86)\GitExtensions\;&quot;C:\Program Files\Java\jdk-17.0.4\bin;&quot;%MAVEN_HOME%;&quot;D:\Projects\chromedriver_win32\chromedriver.exe;&quot;C:\Program Files\nodejs\;&quot;C:\Program Files\Gauge\bin;&quot;C:\Program Files\Microsoft VS Code\bin;&quot;C:\proto3\bin;C:\Program Files\Microsoft VS Code\bin;C:\Program Files\nodejs\;C:\Program Files\OpenSSL-Win64\bin\;D:\Projects\grpc-java-course\grpc-java-course\ssl\ssl.sh;C:\Users\tomas.jurkovic\apache-maven-3.8.6\bin;C:\Users\tomas.jurkovic\apache-maven-3.8.6\bin;;C:\WINDOWS\system32;C:\WINDOWS;C:\WINDOWS\System32\Wbem;C:\WINDOWS\System32\WindowsPowerShell\v1.0\;C:\WINDOWS\System32\OpenSSH\;&quot;C:\Users\tomas.jurkovic\AppData\Local\Microsoft\WindowsApps;&quot;;&quot;C:\Program Files\Java\jdk1.8.0_311\bin;&quot;C:\Program Files\JetBrains\IntelliJ IDEA Community Edition 2021.2.3\bin;C:\Users\tomas.jurkovic\apache-maven-3.8.6\bin;&quot;C:\Program Files\JetBrains\IntelliJ IDEA Community Edition 2021.2.3\bin;&quot;C:\Users\tomas.jurkovic\AppData\Roaming\npm;&quot;C:\proto3\bin;C:\Users\tomas.jurkovic\AppData\Roaming\npm;C:\Users\tomas.jurkovic\AppData\Local\GitHubDesktop\bin;C:\Program Files\OpenSSL-Win64\bin\;;C:\Users\tomas.jurkovic\AppData\Local\Microsoft\WindowsApps;C:\Users\tomas.jurkovic\AppData\Local\Programs\Rancher Desktop\resources\resources\win32\bin;C:\Users\tomas.jurkovic\AppData\Local\Programs\Rancher Desktop\resources\resources\linux\bin;C:\Program Files\JetBrains\PyCharm Community Edition 2022.2.2\bin;;."/>
    <property name="maven.conf" value="C:\Users\tomas.jurkovic\apache-maven-3.8.6/conf"/>
    <property name="jdk.debug" value="release"/>
    <property name="java.class.version" value="61.0"/>
    <property name="java.specification.name" value="Java Platform API Specification"/>
    <property name="sun.management.compiler" value="HotSpot 64-Bit Tiered Compilers"/>
    <property name="os.version" value="10.0"/>
    <property name="library.jansi.path" value="C:\Users\tomas.jurkovic\apache-maven-3.8.6\lib\jansi-native"/>
    <property name="user.home" value="C:\Users\tomas.jurkovic"/>
    <property name="user.timezone" value="Europe/Budapest"/>
    <property name="file.encoding" value="Cp1252"/>
    <property name="java.specification.version" value="17"/>
    <property name="user.name" value="tomas.jurkovic"/>
    <property name="java.class.path" value="C:\Users\tomas.jurkovic\apache-maven-3.8.6\boot\plexus-classworlds-2.6.0.jar"/>
    <property name="java.vm.specification.version" value="17"/>
    <property name="sun.arch.data.model" value="64"/>
    <property name="sun.java.command" value="org.codehaus.plexus.classworlds.launcher.Launcher clean test"/>
    <property name="java.home" value="C:\Program Files\Java\jdk-17.0.4"/>
    <property name="user.language" value="en"/>
    <property name="java.specification.vendor" value="Oracle Corporation"/>
    <property name="java.vm.info" value="mixed mode, sharing"/>
    <property name="java.version" value="17.0.4"/>
    <property name="native.encoding" value="Cp1252"/>
    <property name="java.vendor" value="Oracle Corporation"/>
    <property name="sun.stderr.encoding" value="cp437"/>
    <property name="maven.home" value="C:\Users\tomas.jurkovic\apache-maven-3.8.6"/>
    <property name="file.separator" value="\"/>
    <property name="java.version.date" value="2022-07-19"/>
    <property name="java.vendor.url.bug" value="https://bugreport.java.com/bugreport/"/>
    <property name="sun.io.unicode.encoding" value="UnicodeLittle"/>
    <property name="sun.cpu.endian" value="little"/>
    <property name="sun.stdout.encoding" value="cp437"/>
    <property name="sun.cpu.isalist" value="amd64"/>
  </properties>
  <testcase classname="Add to Cart" name="Add one quantity from Store" time="5.002"/>
  <testcase classname="Add to Cart" name="Add one quantity from Store - examples #1" time="3.759"/>
  <testcase classname="Add to Cart" name="Add one quantity from Store - examples #2" time="3.544"/>
  <testcase classname="Add to Cart" name="Add one quantity from Store - examples #3" time="3.339"/>
  <testcase classname="Place an order" name="using default payment option" time="7.519"/>
</testsuite>